This is pdfTeX, Version 3.141592653-2.6-1.40.23 (TeX Live 2022/dev) (preloaded format=pdflatex 2021.10.24)  6 JUN 2022 08:48
entering extended mode
 restricted \write18 enabled.
 %&-line parsing enabled.
**Lab_4.tex
(./Lab_4.tex
LaTeX2e <2021-06-01> patch level 1
L3 programming layer <2021-10-18> (/Users/ieva/Library/TinyTeX/texmf-dist/tex/l
atex/base/article.cls
Document Class: article 2021/10/04 v1.4n Standard LaTeX document class
(/Users/ieva/Library/TinyTeX/texmf-dist/tex/latex/base/size10.clo
File: size10.clo 2021/10/04 v1.4n Standard LaTeX file (size option)
)
\c@part=\count182
\c@section=\count183
\c@subsection=\count184
\c@subsubsection=\count185
\c@paragraph=\count186
\c@subparagraph=\count187
\c@figure=\count188
\c@table=\count189
\abovecaptionskip=\skip47
\belowcaptionskip=\skip48
\bibindent=\dimen138
) (/Users/ieva/Library/TinyTeX/texmf-dist/tex/latex/amsmath/amsmath.sty
Package: amsmath 2021/10/15 v2.17l AMS math features
\@mathmargin=\skip49
For additional information on amsmath, use the `?' option.
(/Users/ieva/Library/TinyTeX/texmf-dist/tex/latex/amsmath/amstext.sty
Package: amstext 2021/08/26 v2.01 AMS text
(/Users/ieva/Library/TinyTeX/texmf-dist/tex/latex/amsmath/amsgen.sty
File: amsgen.sty 1999/11/30 v2.0 generic functions
\@emptytoks=\toks16
\ex@=\dimen139
)) (/Users/ieva/Library/TinyTeX/texmf-dist/tex/latex/amsmath/amsbsy.sty
Package: amsbsy 1999/11/29 v1.2d Bold Symbols
\pmbraise@=\dimen140
) (/Users/ieva/Library/TinyTeX/texmf-dist/tex/latex/amsmath/amsopn.sty
Package: amsopn 2021/08/26 v2.02 operator names
)
\inf@bad=\count190
LaTeX Info: Redefining \frac on input line 234.
\uproot@=\count191
\leftroot@=\count192
LaTeX Info: Redefining \overline on input line 399.
\classnum@=\count193
\DOTSCASE@=\count194
LaTeX Info: Redefining \ldots on input line 496.
LaTeX Info: Redefining \dots on input line 499.
LaTeX Info: Redefining \cdots on input line 620.
\Mathstrutbox@=\box50
\strutbox@=\box51
\big@size=\dimen141
LaTeX Font Info:    Redeclaring font encoding OML on input line 743.
LaTeX Font Info:    Redeclaring font encoding OMS on input line 744.
\macc@depth=\count195
\c@MaxMatrixCols=\count196
\dotsspace@=\muskip16
\c@parentequation=\count197
\dspbrk@lvl=\count198
\tag@help=\toks17
\row@=\count199
\column@=\count266
\maxfields@=\count267
\andhelp@=\toks18
\eqnshift@=\dimen142
\alignsep@=\dimen143
\tagshift@=\dimen144
\tagwidth@=\dimen145
\totwidth@=\dimen146
\lineht@=\dimen147
\@envbody=\toks19
\multlinegap=\skip50
\multlinetaggap=\skip51
\mathdisplay@stack=\toks20
LaTeX Info: Redefining \[ on input line 2938.
LaTeX Info: Redefining \] on input line 2939.
) (/Users/ieva/Library/TinyTeX/texmf-dist/tex/latex/amsfonts/amssymb.sty
Package: amssymb 2013/01/14 v3.01 AMS font symbols
(/Users/ieva/Library/TinyTeX/texmf-dist/tex/latex/amsfonts/amsfonts.sty
Package: amsfonts 2013/01/14 v3.01 Basic AMSFonts support
\symAMSa=\mathgroup4
\symAMSb=\mathgroup5
LaTeX Font Info:    Redeclaring math symbol \hbar on input line 98.
LaTeX Font Info:    Overwriting math alphabet `\mathfrak' in version `bold'
(Font)                  U/euf/m/n --> U/euf/b/n on input line 106.
)) (/Users/ieva/Library/TinyTeX/texmf-dist/tex/latex/lm/lmodern.sty
Package: lmodern 2015/05/01 v1.6.1 Latin Modern Fonts
LaTeX Font Info:    Overwriting symbol font `operators' in version `normal'
(Font)                  OT1/cmr/m/n --> OT1/lmr/m/n on input line 22.
LaTeX Font Info:    Overwriting symbol font `letters' in version `normal'
(Font)                  OML/cmm/m/it --> OML/lmm/m/it on input line 23.
LaTeX Font Info:    Overwriting symbol font `symbols' in version `normal'
(Font)                  OMS/cmsy/m/n --> OMS/lmsy/m/n on input line 24.
LaTeX Font Info:    Overwriting symbol font `largesymbols' in version `normal'
(Font)                  OMX/cmex/m/n --> OMX/lmex/m/n on input line 25.
LaTeX Font Info:    Overwriting symbol font `operators' in version `bold'
(Font)                  OT1/cmr/bx/n --> OT1/lmr/bx/n on input line 26.
LaTeX Font Info:    Overwriting symbol font `letters' in version `bold'
(Font)                  OML/cmm/b/it --> OML/lmm/b/it on input line 27.
LaTeX Font Info:    Overwriting symbol font `symbols' in version `bold'
(Font)                  OMS/cmsy/b/n --> OMS/lmsy/b/n on input line 28.
LaTeX Font Info:    Overwriting symbol font `largesymbols' in version `bold'
(Font)                  OMX/cmex/m/n --> OMX/lmex/m/n on input line 29.
LaTeX Font Info:    Overwriting math alphabet `\mathbf' in version `normal'
(Font)                  OT1/cmr/bx/n --> OT1/lmr/bx/n on input line 31.
LaTeX Font Info:    Overwriting math alphabet `\mathsf' in version `normal'
(Font)                  OT1/cmss/m/n --> OT1/lmss/m/n on input line 32.
LaTeX Font Info:    Overwriting math alphabet `\mathit' in version `normal'
(Font)                  OT1/cmr/m/it --> OT1/lmr/m/it on input line 33.
LaTeX Font Info:    Overwriting math alphabet `\mathtt' in version `normal'
(Font)                  OT1/cmtt/m/n --> OT1/lmtt/m/n on input line 34.
LaTeX Font Info:    Overwriting math alphabet `\mathbf' in version `bold'
(Font)                  OT1/cmr/bx/n --> OT1/lmr/bx/n on input line 35.
LaTeX Font Info:    Overwriting math alphabet `\mathsf' in version `bold'
(Font)                  OT1/cmss/bx/n --> OT1/lmss/bx/n on input line 36.
LaTeX Font Info:    Overwriting math alphabet `\mathit' in version `bold'
(Font)                  OT1/cmr/bx/it --> OT1/lmr/bx/it on input line 37.
LaTeX Font Info:    Overwriting math alphabet `\mathtt' in version `bold'
(Font)                  OT1/cmtt/m/n --> OT1/lmtt/m/n on input line 38.
) (/Users/ieva/Library/TinyTeX/texmf-dist/tex/generic/iftex/iftex.sty
Package: iftex 2022/02/03 v1.0f TeX engine tests
) (/Users/ieva/Library/TinyTeX/texmf-dist/tex/latex/base/fontenc.sty
Package: fontenc 2021/04/29 v2.0v Standard LaTeX package
LaTeX Font Info:    Trying to load font information for T1+lmr on input line 11
2.
(/Users/ieva/Library/TinyTeX/texmf-dist/tex/latex/lm/t1lmr.fd
File: t1lmr.fd 2015/05/01 v1.6.1 Font defs for Latin Modern
)) (/Users/ieva/Library/TinyTeX/texmf-dist/tex/latex/base/inputenc.sty
Package: inputenc 2021/02/14 v1.3d Input encoding file
\inpenc@prehook=\toks21
\inpenc@posthook=\toks22
) (/Users/ieva/Library/TinyTeX/texmf-dist/tex/latex/base/textcomp.sty
Package: textcomp 2020/02/02 v2.0n Standard LaTeX package
) (/Users/ieva/Library/TinyTeX/texmf-dist/tex/latex/xcolor/xcolor.sty
Package: xcolor 2021/10/31 v2.13 LaTeX color extensions (UK)
(/Users/ieva/Library/TinyTeX/texmf-dist/tex/latex/graphics-cfg/color.cfg
File: color.cfg 2016/01/02 v1.6 sample color configuration
)
Package xcolor Info: Driver file: pdftex.def on input line 227.
(/Users/ieva/Library/TinyTeX/texmf-dist/tex/latex/graphics-def/pdftex.def
File: pdftex.def 2020/10/05 v1.2a Graphics/color driver for pdftex
)
Package xcolor Info: Model `cmy' substituted by `cmy0' on input line 1352.
Package xcolor Info: Model `hsb' substituted by `rgb' on input line 1356.
Package xcolor Info: Model `RGB' extended on input line 1368.
Package xcolor Info: Model `HTML' substituted by `rgb' on input line 1370.
Package xcolor Info: Model `Hsb' substituted by `hsb' on input line 1371.
Package xcolor Info: Model `tHsb' substituted by `hsb' on input line 1372.
Package xcolor Info: Model `HSB' substituted by `hsb' on input line 1373.
Package xcolor Info: Model `Gray' substituted by `gray' on input line 1374.
Package xcolor Info: Model `wave' substituted by `hsb' on input line 1375.
) (/Users/ieva/Library/TinyTeX/texmf-dist/tex/latex/hyperref/hyperref.sty
Package: hyperref 2022-02-21 v7.00n Hypertext links for LaTeX
(/Users/ieva/Library/TinyTeX/texmf-dist/tex/generic/ltxcmds/ltxcmds.sty
Package: ltxcmds 2020-05-10 v1.25 LaTeX kernel commands for general use (HO)
) (/Users/ieva/Library/TinyTeX/texmf-dist/tex/generic/pdftexcmds/pdftexcmds.sty
Package: pdftexcmds 2020-06-27 v0.33 Utility functions of pdfTeX for LuaTeX (HO
)
(/Users/ieva/Library/TinyTeX/texmf-dist/tex/generic/infwarerr/infwarerr.sty
Package: infwarerr 2019/12/03 v1.5 Providing info/warning/error messages (HO)
)
Package pdftexcmds Info: \pdf@primitive is available.
Package pdftexcmds Info: \pdf@ifprimitive is available.
Package pdftexcmds Info: \pdfdraftmode found.
) (/Users/ieva/Library/TinyTeX/texmf-dist/tex/latex/graphics/keyval.sty
Package: keyval 2014/10/28 v1.15 key=value parser (DPC)
\KV@toks@=\toks23
) (/Users/ieva/Library/TinyTeX/texmf-dist/tex/generic/kvsetkeys/kvsetkeys.sty
Package: kvsetkeys 2019/12/15 v1.18 Key value parser (HO)
)
(/Users/ieva/Library/TinyTeX/texmf-dist/tex/generic/kvdefinekeys/kvdefinekeys.s
ty
Package: kvdefinekeys 2019-12-19 v1.6 Define keys (HO)
) (/Users/ieva/Library/TinyTeX/texmf-dist/tex/generic/pdfescape/pdfescape.sty
Package: pdfescape 2019/12/09 v1.15 Implements pdfTeX's escape features (HO)
) (/Users/ieva/Library/TinyTeX/texmf-dist/tex/latex/hycolor/hycolor.sty
Package: hycolor 2020-01-27 v1.10 Color options for hyperref/bookmark (HO)
) (/Users/ieva/Library/TinyTeX/texmf-dist/tex/latex/letltxmacro/letltxmacro.sty
Package: letltxmacro 2019/12/03 v1.6 Let assignment for LaTeX macros (HO)
) (/Users/ieva/Library/TinyTeX/texmf-dist/tex/latex/auxhook/auxhook.sty
Package: auxhook 2019-12-17 v1.6 Hooks for auxiliary files (HO)
) (/Users/ieva/Library/TinyTeX/texmf-dist/tex/latex/kvoptions/kvoptions.sty
Package: kvoptions 2020-10-07 v3.14 Key value format for package options (HO)
)
\@linkdim=\dimen148
\Hy@linkcounter=\count268
\Hy@pagecounter=\count269
(/Users/ieva/Library/TinyTeX/texmf-dist/tex/latex/hyperref/pd1enc.def
File: pd1enc.def 2022-02-21 v7.00n Hyperref: PDFDocEncoding definition (HO)
Now handling font encoding PD1 ...
... no UTF-8 mapping file for font encoding PD1
) (/Users/ieva/Library/TinyTeX/texmf-dist/tex/generic/intcalc/intcalc.sty
Package: intcalc 2019/12/15 v1.3 Expandable calculations with integers (HO)
) (/Users/ieva/Library/TinyTeX/texmf-dist/tex/generic/etexcmds/etexcmds.sty
Package: etexcmds 2019/12/15 v1.7 Avoid name clashes with e-TeX commands (HO)
)
\Hy@SavedSpaceFactor=\count270
(/Users/ieva/Library/TinyTeX/texmf-dist/tex/latex/hyperref/puenc.def
File: puenc.def 2022-02-21 v7.00n Hyperref: PDF Unicode definition (HO)
Now handling font encoding PU ...
... no UTF-8 mapping file for font encoding PU
)
Package hyperref Info: Option `unicode' set `true' on input line 4018.
Package hyperref Info: Hyper figures OFF on input line 4137.
Package hyperref Info: Link nesting OFF on input line 4142.
Package hyperref Info: Hyper index ON on input line 4145.
Package hyperref Info: Plain pages OFF on input line 4152.
Package hyperref Info: Backreferencing OFF on input line 4157.
Package hyperref Info: Implicit mode ON; LaTeX internals redefined.
Package hyperref Info: Bookmarks ON on input line 4390.
\c@Hy@tempcnt=\count271
(/Users/ieva/Library/TinyTeX/texmf-dist/tex/latex/url/url.sty
\Urlmuskip=\muskip17
Package: url 2013/09/16  ver 3.4  Verb mode for urls, etc.
)
LaTeX Info: Redefining \url on input line 4749.
\XeTeXLinkMargin=\dimen149
(/Users/ieva/Library/TinyTeX/texmf-dist/tex/generic/bitset/bitset.sty
Package: bitset 2019/12/09 v1.3 Handle bit-vector datatype (HO)
(/Users/ieva/Library/TinyTeX/texmf-dist/tex/generic/bigintcalc/bigintcalc.sty
Package: bigintcalc 2019/12/15 v1.5 Expandable calculations on big integers (HO
)
))
\Fld@menulength=\count272
\Field@Width=\dimen150
\Fld@charsize=\dimen151
Package hyperref Info: Hyper figures OFF on input line 6027.
Package hyperref Info: Link nesting OFF on input line 6032.
Package hyperref Info: Hyper index ON on input line 6035.
Package hyperref Info: backreferencing OFF on input line 6042.
Package hyperref Info: Link coloring OFF on input line 6047.
Package hyperref Info: Link coloring with OCG OFF on input line 6052.
Package hyperref Info: PDF/A mode OFF on input line 6057.
LaTeX Info: Redefining \ref on input line 6097.
LaTeX Info: Redefining \pageref on input line 6101.
(/Users/ieva/Library/TinyTeX/texmf-dist/tex/latex/base/atbegshi-ltx.sty
Package: atbegshi-ltx 2021/01/10 v1.0c Emulation of the original atbegshi
package with kernel methods
)
\Hy@abspage=\count273
\c@Item=\count274
\c@Hfootnote=\count275
)
Package hyperref Info: Driver (autodetected): hpdftex.
(/Users/ieva/Library/TinyTeX/texmf-dist/tex/latex/hyperref/hpdftex.def
File: hpdftex.def 2022-02-21 v7.00n Hyperref driver for pdfTeX
(/Users/ieva/Library/TinyTeX/texmf-dist/tex/latex/base/atveryend-ltx.sty
Package: atveryend-ltx 2020/08/19 v1.0a Emulation of the original atveryend pac
kage
with kernel methods
)
\Fld@listcount=\count276
\c@bookmark@seq@number=\count277

(/Users/ieva/Library/TinyTeX/texmf-dist/tex/latex/rerunfilecheck/rerunfilecheck
.sty
Package: rerunfilecheck 2019/12/05 v1.9 Rerun checks for auxiliary files (HO)

(/Users/ieva/Library/TinyTeX/texmf-dist/tex/generic/uniquecounter/uniquecounter
.sty
Package: uniquecounter 2019/12/15 v1.4 Provide unlimited unique counter (HO)
)
Package uniquecounter Info: New unique counter `rerunfilecheck' on input line 2
86.
)
\Hy@SectionHShift=\skip52
) (/Users/ieva/Library/TinyTeX/texmf-dist/tex/latex/geometry/geometry.sty
Package: geometry 2020/01/02 v5.9 Page Geometry
(/Users/ieva/Library/TinyTeX/texmf-dist/tex/generic/iftex/ifvtex.sty
Package: ifvtex 2019/10/25 v1.7 ifvtex legacy package. Use iftex instead.
)
\Gm@cnth=\count278
\Gm@cntv=\count279
\c@Gm@tempcnt=\count280
\Gm@bindingoffset=\dimen152
\Gm@wd@mp=\dimen153
\Gm@odd@mp=\dimen154
\Gm@even@mp=\dimen155
\Gm@layoutwidth=\dimen156
\Gm@layoutheight=\dimen157
\Gm@layouthoffset=\dimen158
\Gm@layoutvoffset=\dimen159
\Gm@dimlist=\toks24
) (/Users/ieva/Library/TinyTeX/texmf-dist/tex/latex/graphics/graphicx.sty
Package: graphicx 2021/09/16 v1.2d Enhanced LaTeX Graphics (DPC,SPQR)
(/Users/ieva/Library/TinyTeX/texmf-dist/tex/latex/graphics/graphics.sty
Package: graphics 2021/03/04 v1.4d Standard LaTeX Graphics (DPC,SPQR)
(/Users/ieva/Library/TinyTeX/texmf-dist/tex/latex/graphics/trig.sty
Package: trig 2021/08/11 v1.11 sin cos tan (DPC)
) (/Users/ieva/Library/TinyTeX/texmf-dist/tex/latex/graphics-cfg/graphics.cfg
File: graphics.cfg 2016/06/04 v1.11 sample graphics configuration
)
Package graphics Info: Driver file: pdftex.def on input line 107.
)
\Gin@req@height=\dimen160
\Gin@req@width=\dimen161
)
\cslhangindent=\skip53
\csllabelwidth=\skip54
\cslentryspacingunit=\skip55
(/Users/ieva/Library/TinyTeX/texmf-dist/tex/latex/tools/calc.sty
Package: calc 2017/05/25 v4.3 Infix arithmetic (KKT,FJ)
\calc@Acount=\count281
\calc@Bcount=\count282
\calc@Adimen=\dimen162
\calc@Bdimen=\dimen163
\calc@Askip=\skip56
\calc@Bskip=\skip57
LaTeX Info: Redefining \setlength on input line 80.
LaTeX Info: Redefining \addtolength on input line 81.
\calc@Ccount=\count283
\calc@Cskip=\skip58
) (/Users/ieva/Library/TinyTeX/texmf-dist/tex/latex/float/float.sty
Package: float 2001/11/08 v1.3d Float enhancements (AL)
\c@float@type=\count284
\float@exts=\toks25
\float@box=\box52
\@float@everytoks=\toks26
\@floatcapt=\box53
)
(/Users/ieva/Library/TinyTeX/texmf-dist/tex/latex/l3backend/l3backend-pdftex.de
f
File: l3backend-pdftex.def 2022-02-07 L3 backend support: PDF output (pdfTeX)
\l__color_backend_stack_int=\count285
\l__pdf_internal_box=\box54
) (./Lab_4.aux)
\openout1 = `Lab_4.aux'.

LaTeX Font Info:    Checking defaults for OML/cmm/m/it on input line 94.
LaTeX Font Info:    ... okay on input line 94.
LaTeX Font Info:    Checking defaults for OMS/cmsy/m/n on input line 94.
LaTeX Font Info:    ... okay on input line 94.
LaTeX Font Info:    Checking defaults for OT1/cmr/m/n on input line 94.
LaTeX Font Info:    ... okay on input line 94.
LaTeX Font Info:    Checking defaults for T1/cmr/m/n on input line 94.
LaTeX Font Info:    ... okay on input line 94.
LaTeX Font Info:    Checking defaults for TS1/cmr/m/n on input line 94.
LaTeX Font Info:    ... okay on input line 94.
LaTeX Font Info:    Checking defaults for OMX/cmex/m/n on input line 94.
LaTeX Font Info:    ... okay on input line 94.
LaTeX Font Info:    Checking defaults for U/cmr/m/n on input line 94.
LaTeX Font Info:    ... okay on input line 94.
LaTeX Font Info:    Checking defaults for PD1/pdf/m/n on input line 94.
LaTeX Font Info:    ... okay on input line 94.
LaTeX Font Info:    Checking defaults for PU/pdf/m/n on input line 94.
LaTeX Font Info:    ... okay on input line 94.

(/Users/ieva/Library/TinyTeX/texmf-dist/tex/latex/epstopdf-pkg/epstopdf-base.st
y
Package: epstopdf-base 2020-01-24 v2.11 Base part for package epstopdf
Package epstopdf-base Info: Redefining graphics rule for `.eps' on input line 4
85.
(/Users/ieva/Library/TinyTeX/texmf-dist/tex/latex/latexconfig/epstopdf-sys.cfg
File: epstopdf-sys.cfg 2010/07/13 v1.3 Configuration of (r)epstopdf for TeX Liv
e
))
Package hyperref Info: Link coloring OFF on input line 94.
(/Users/ieva/Library/TinyTeX/texmf-dist/tex/latex/hyperref/nameref.sty
Package: nameref 2021-04-02 v2.47 Cross-referencing by name of section
(/Users/ieva/Library/TinyTeX/texmf-dist/tex/latex/refcount/refcount.sty
Package: refcount 2019/12/15 v3.6 Data extraction from label references (HO)
)
(/Users/ieva/Library/TinyTeX/texmf-dist/tex/generic/gettitlestring/gettitlestri
ng.sty
Package: gettitlestring 2019/12/15 v1.6 Cleanup title references (HO)
)
\c@section@level=\count286
)
LaTeX Info: Redefining \ref on input line 94.
LaTeX Info: Redefining \pageref on input line 94.
LaTeX Info: Redefining \nameref on input line 94.
(./Lab_4.out) (./Lab_4.out)
\@outlinefile=\write3
\openout3 = `Lab_4.out'.

*geometry* driver: auto-detecting
*geometry* detected driver: pdftex
*geometry* verbose mode - [ preamble ] result:
* driver: pdftex
* paper: <default>
* layout: <same size as paper>
* layoutoffset:(h,v)=(0.0pt,0.0pt)
* modes: 
* h-part:(L,W,R)=(72.26999pt, 469.75502pt, 72.26999pt)
* v-part:(T,H,B)=(72.26999pt, 650.43001pt, 72.26999pt)
* \paperwidth=614.295pt
* \paperheight=794.96999pt
* \textwidth=469.75502pt
* \textheight=650.43001pt
* \oddsidemargin=0.0pt
* \evensidemargin=0.0pt
* \topmargin=-37.0pt
* \headheight=12.0pt
* \headsep=25.0pt
* \topskip=10.0pt
* \footskip=30.0pt
* \marginparwidth=65.0pt
* \marginparsep=11.0pt
* \columnsep=10.0pt
* \skip\footins=9.0pt plus 4.0pt minus 2.0pt
* \hoffset=0.0pt
* \voffset=0.0pt
* \mag=1000
* \@twocolumnfalse
* \@twosidefalse
* \@mparswitchfalse
* \@reversemarginfalse
* (1in=72.27pt=25.4mm, 1cm=28.453pt)

LaTeX Font Info:    Trying to load font information for OT1+lmr on input line 9
6.
(/Users/ieva/Library/TinyTeX/texmf-dist/tex/latex/lm/ot1lmr.fd
File: ot1lmr.fd 2015/05/01 v1.6.1 Font defs for Latin Modern
)
LaTeX Font Info:    Trying to load font information for OML+lmm on input line 9
6.
(/Users/ieva/Library/TinyTeX/texmf-dist/tex/latex/lm/omllmm.fd
File: omllmm.fd 2015/05/01 v1.6.1 Font defs for Latin Modern
)
LaTeX Font Info:    Trying to load font information for OMS+lmsy on input line 
96.
(/Users/ieva/Library/TinyTeX/texmf-dist/tex/latex/lm/omslmsy.fd
File: omslmsy.fd 2015/05/01 v1.6.1 Font defs for Latin Modern
)
LaTeX Font Info:    Trying to load font information for OMX+lmex on input line 
96.
(/Users/ieva/Library/TinyTeX/texmf-dist/tex/latex/lm/omxlmex.fd
File: omxlmex.fd 2015/05/01 v1.6.1 Font defs for Latin Modern
)
LaTeX Font Info:    External font `lmex10' loaded for size
(Font)              <12> on input line 96.
LaTeX Font Info:    External font `lmex10' loaded for size
(Font)              <8> on input line 96.
LaTeX Font Info:    External font `lmex10' loaded for size
(Font)              <6> on input line 96.
LaTeX Font Info:    Trying to load font information for U+msa on input line 96.

(/Users/ieva/Library/TinyTeX/texmf-dist/tex/latex/amsfonts/umsa.fd
File: umsa.fd 2013/01/14 v3.01 AMS symbols A
)
LaTeX Font Info:    Trying to load font information for U+msb on input line 96.

(/Users/ieva/Library/TinyTeX/texmf-dist/tex/latex/amsfonts/umsb.fd
File: umsb.fd 2013/01/14 v3.01 AMS symbols B
)
LaTeX Font Info:    Trying to load font information for TS1+lmr on input line 1
37.
(/Users/ieva/Library/TinyTeX/texmf-dist/tex/latex/lm/ts1lmr.fd
File: ts1lmr.fd 2015/05/01 v1.6.1 Font defs for Latin Modern
) [1

{/Users/ieva/Library/TinyTeX/texmf-var/fonts/map/pdftex/updmap/pdftex.map}]
LaTeX Font Info:    External font `lmex10' loaded for size
(Font)              <10> on input line 172.
LaTeX Font Info:    External font `lmex10' loaded for size
(Font)              <7> on input line 172.
LaTeX Font Info:    External font `lmex10' loaded for size
(Font)              <5> on input line 172.
[2] [3]
<./1.png, id=182, 531.1845pt x 317.38576pt>
File: ./1.png Graphic file (type png)
<use ./1.png>
Package pdftex.def Info: ./1.png  used on input line 306.
(pdftex.def)             Requested size: 213.39401pt x 127.50414pt.
<./2.png, id=184, 539.616pt x 320.99925pt>
File: ./2.png Graphic file (type png)
<use ./2.png>
Package pdftex.def Info: ./2.png  used on input line 307.
(pdftex.def)             Requested size: 213.39711pt x 126.9427pt.
<./3.png, id=185, 532.99126pt x 317.38576pt>
File: ./3.png Graphic file (type png)
<use ./3.png>
Package pdftex.def Info: ./3.png  used on input line 340.
(pdftex.def)             Requested size: 213.39604pt x 127.07312pt.
<./4.png, id=186, 549.252pt x 325.81725pt>
File: ./4.png Graphic file (type png)
<use ./4.png>
Package pdftex.def Info: ./4.png  used on input line 341.
(pdftex.def)             Requested size: 213.39447pt x 126.58597pt.
[4pdfTeX warning (ext4): destination with the same identifier (name{figure.1}) 
has been already used, duplicate ignored
<argument> ...shipout:D \box_use:N \l_shipout_box 
                                                  \__shipout_drop_firstpage_...
l.355 \newpage
              pdfTeX warning (ext4): destination with the same identifier (name
{figure.2}) has been already used, duplicate ignored
<argument> ...shipout:D \box_use:N \l_shipout_box 
                                                  \__shipout_drop_firstpage_...
l.355 \newpage
               <./1.png> <./2.png> <./3.png> <./4.png>]
<./5.png, id=198, 525.162pt x 317.38576pt>
File: ./5.png Graphic file (type png)
<use ./5.png>
Package pdftex.def Info: ./5.png  used on input line 369.
(pdftex.def)             Requested size: 213.3946pt x 128.96669pt.
<./7.png, id=199, 539.616pt x 317.38576pt>
File: ./7.png Graphic file (type png)
<use ./7.png>
Package pdftex.def Info: ./7.png  used on input line 370.
(pdftex.def)             Requested size: 213.39711pt x 125.5137pt.
<./6.png, id=200, 533.5935pt x 320.397pt>
File: ./6.png Graphic file (type png)
<use ./6.png>
Package pdftex.def Info: ./6.png  used on input line 389.
(pdftex.def)             Requested size: 213.40105pt x 128.13696pt.
<./8.png, id=201, 539.01375pt x 317.38576pt>
File: ./8.png Graphic file (type png)
<use ./8.png>
Package pdftex.def Info: ./8.png  used on input line 390.
(pdftex.def)             Requested size: 213.39746pt x 125.65414pt.
<./9.png, id=202, 536.60475pt x 314.3745pt>
File: ./9.png Graphic file (type png)
<use ./9.png>
Package pdftex.def Info: ./9.png  used on input line 406.
(pdftex.def)             Requested size: 256.07715pt x 150.025pt.

LaTeX Warning: `!h' float specifier changed to `!ht'.

<./10.png, id=203, 540.21825pt x 314.3745pt>
File: ./10.png Graphic file (type png)
<use ./10.png>
Package pdftex.def Info: ./10.png  used on input line 419.
(pdftex.def)             Requested size: 256.08702pt x 149.02722pt.

LaTeX Warning: `!h' float specifier changed to `!ht'.

<./11.png, id=204, 599.23875pt x 311.36325pt>
File: ./11.png Graphic file (type png)
<use ./11.png>
Package pdftex.def Info: ./11.png  used on input line 437.
(pdftex.def)             Requested size: 256.07664pt x 133.0569pt.

LaTeX Warning: `!h' float specifier changed to `!ht'.

[5pdfTeX warning (ext4): destination with the same identifier (name{figure.3}) 
has been already used, duplicate ignored
<argument> ...shipout:D \box_use:N \l_shipout_box 
                                                  \__shipout_drop_firstpage_...
l.451 
      pdfTeX warning (ext4): destination with the same identifier (name{figure.
4}) has been already used, duplicate ignored
<argument> ...shipout:D \box_use:N \l_shipout_box 
                                                  \__shipout_drop_firstpage_...
l.451 
       <./5.png> <./7.png> <./6.png> <./8.png>]
<./12.png, id=216, 560.0925pt x 371.58826pt>
File: ./12.png Graphic file (type png)
<use ./12.png>
Package pdftex.def Info: ./12.png  used on input line 454.
(pdftex.def)             Requested size: 213.39287pt x 141.57355pt.
<./13.png, id=217, 560.69475pt x 366.168pt>
File: ./13.png Graphic file (type png)
<use ./13.png>
Package pdftex.def Info: ./13.png  used on input line 455.
(pdftex.def)             Requested size: 213.39133pt x 139.35759pt.

LaTeX Warning: `!h' float specifier changed to `!ht'.

[6pdfTeX warning (ext4): destination with the same identifier (name{figure.5}) 
has been already used, duplicate ignored
<argument> ...shipout:D \box_use:N \l_shipout_box 
                                                  \__shipout_drop_firstpage_...
l.470 ...{Data clustering}\label{data-clustering}}
                                                  pdfTeX warning (ext4): destin
ation with the same identifier (name{figure.6}) has been already used, duplicat
e ignored
<argument> ...shipout:D \box_use:N \l_shipout_box 
                                                  \__shipout_drop_firstpage_...
l.470 ...{Data clustering}\label{data-clustering}}
                                                  pdfTeX warning (ext4): destin
ation with the same identifier (name{figure.7}) has been already used, duplicat
e ignored
<argument> ...shipout:D \box_use:N \l_shipout_box 
                                                  \__shipout_drop_firstpage_...
l.470 ...{Data clustering}\label{data-clustering}}
                                                   <./9.png> <./10.png> <./11.p
ng>]
LaTeX Font Info:    Trying to load font information for T1+lmtt on input line 4
73.
(/Users/ieva/Library/TinyTeX/texmf-dist/tex/latex/lm/t1lmtt.fd
File: t1lmtt.fd 2015/05/01 v1.6.1 Font defs for Latin Modern
)
<./14.png, id=229, 1416.29124pt x 872.25874pt>
File: ./14.png Graphic file (type png)
<use ./14.png>
Package pdftex.def Info: ./14.png  used on input line 480.
(pdftex.def)             Requested size: 426.7924pt x 262.85088pt.

LaTeX Warning: `!h' float specifier changed to `!ht'.

[7pdfTeX warning (ext4): destination with the same identifier (name{figure.8}) 
has been already used, duplicate ignored
<argument> ...shipout:D \box_use:N \l_shipout_box 
                                                  \__shipout_drop_firstpage_...
l.532 
       <./12.png> <./13.png>]
<./Not_standartized.png, id=240, 1423.3175pt x 878.28125pt>
File: ./Not_standartized.png Graphic file (type png)
<use ./Not_standartized.png>
Package pdftex.def Info: ./Not_standartized.png  used on input line 553.
(pdftex.def)             Requested size: 426.78137pt x 263.35239pt.

LaTeX Warning: `!h' float specifier changed to `!ht'.

<./Standartized.png, id=241, 1423.3175pt x 878.28125pt>
File: ./Standartized.png Graphic file (type png)
<use ./Standartized.png>
Package pdftex.def Info: ./Standartized.png  used on input line 563.
(pdftex.def)             Requested size: 426.78137pt x 263.35239pt.

LaTeX Warning: `!h' float specifier changed to `!ht'.

[8pdfTeX warning (ext4): destination with the same identifier (name{figure.9}) 
has been already used, duplicate ignored
<argument> ...shipout:D \box_use:N \l_shipout_box 
                                                  \__shipout_drop_firstpage_...
l.587 A
       fter the recalculations, it is not possible to draw any additional <./14
.png>]
Overfull \vbox (15.62186pt too high) has occurred while \output is active []

[9pdfTeX warning (ext4): destination with the same identifier (name{figure.10})
 has been already used, duplicate ignored
<argument> ...shipout:D \box_use:N \l_shipout_box 
                                                  \__shipout_drop_firstpage_...
l.587 A
       fter the recalculations, it is not possible to draw any additionalpdfTeX
 warning (ext4): destination with the same identifier (name{figure.11}) has bee
n already used, duplicate ignored
<argument> ...shipout:D \box_use:N \l_shipout_box 
                                                  \__shipout_drop_firstpage_...
l.587 A
       fter the recalculations, it is not possible to draw any additional <./No
t_standartized.png> <./Standartized.png>]
<./rep_not_st.png, id=258, 903.375pt x 752.8125pt>
File: ./rep_not_st.png Graphic file (type png)
<use ./rep_not_st.png>
Package pdftex.def Info: ./rep_not_st.png  used on input line 592.
(pdftex.def)             Requested size: 426.79181pt x 355.65984pt.
<./rep_st.png, id=259, 903.375pt x 752.8125pt>
File: ./rep_st.png Graphic file (type png)
<use ./rep_st.png>
Package pdftex.def Info: ./rep_st.png  used on input line 602.
(pdftex.def)             Requested size: 426.79181pt x 355.65984pt.

LaTeX Warning: `!h' float specifier changed to `!ht'.

[10pdfTeX warning (ext4): destination with the same identifier (name{figure.12}
) has been already used, duplicate ignored
<argument> ...shipout:D \box_use:N \l_shipout_box 
                                                  \__shipout_drop_firstpage_...
l.610 \newpage
               <./rep_not_st.png>] [11pdfTeX warning (ext4): destination with t
he same identifier (name{figure.13}) has been already used, duplicate ignored
<argument> ...shipout:D \box_use:N \l_shipout_box 
                                                  \__shipout_drop_firstpage_...
l.649 
       <./rep_st.png>]
<./Horvath.png, id=273, 1204.5pt x 1204.5pt>
File: ./Horvath.png Graphic file (type png)
<use ./Horvath.png>
Package pdftex.def Info: ./Horvath.png  used on input line 652.
(pdftex.def)             Requested size: 213.38211pt x 213.38211pt.
<./Hannum.png, id=274, 1204.5pt x 1204.5pt>
File: ./Hannum.png Graphic file (type png)
<use ./Hannum.png>
Package pdftex.def Info: ./Hannum.png  used on input line 653.
(pdftex.def)             Requested size: 213.38211pt x 213.38211pt.
<./Levine.png, id=275, 1204.5pt x 1204.5pt>
File: ./Levine.png Graphic file (type png)
<use ./Levine.png>
Package pdftex.def Info: ./Levine.png  used on input line 654.
(pdftex.def)             Requested size: 213.38211pt x 213.38211pt.
<./PedBE.png, id=276, 1204.5pt x 1204.5pt>
File: ./PedBE.png Graphic file (type png)
<use ./PedBE.png>
Package pdftex.def Info: ./PedBE.png  used on input line 655.
(pdftex.def)             Requested size: 213.38211pt x 213.38211pt.
[12pdfTeX warning (ext4): destination with the same identifier (name{figure.14}
) has been already used, duplicate ignored
<argument> ...shipout:D \box_use:N \l_shipout_box 
                                                  \__shipout_drop_firstpage_...
l.682 
       <./Horvath.png> <./Hannum.png> <./Levine.png> <./PedBE.png>]
<./t_test_sex_ps_hist.png, id=290, 1383.1675pt x 877.2775pt>
File: ./t_test_sex_ps_hist.png Graphic file (type png)
<use ./t_test_sex_ps_hist.png>
Package pdftex.def Info: ./t_test_sex_ps_hist.png  used on input line 751.
(pdftex.def)             Requested size: 426.79358pt x 270.69492pt.

LaTeX Warning: `!h' float specifier changed to `!ht'.

<./t_test_sex_methyl_prof_1.png, id=291, 574.145pt x 576.1525pt>
File: ./t_test_sex_methyl_prof_1.png Graphic file (type png)
<use ./t_test_sex_methyl_prof_1.png>
Package pdftex.def Info: ./t_test_sex_methyl_prof_1.png  used on input line 766
.
(pdftex.def)             Requested size: 213.394pt x 214.14012pt.
<./t_test_sex_methyl_prof_2.png, id=292, 574.145pt x 576.1525pt>
File: ./t_test_sex_methyl_prof_2.png Graphic file (type png)
<use ./t_test_sex_methyl_prof_2.png>
Package pdftex.def Info: ./t_test_sex_methyl_prof_2.png  used on input line 767
.
(pdftex.def)             Requested size: 213.394pt x 214.14012pt.
<./t_test_sex_methyl_prof_3.png, id=293, 574.145pt x 576.1525pt>
File: ./t_test_sex_methyl_prof_3.png Graphic file (type png)
<use ./t_test_sex_methyl_prof_3.png>
Package pdftex.def Info: ./t_test_sex_methyl_prof_3.png  used on input line 768
.
(pdftex.def)             Requested size: 213.394pt x 214.14012pt.
<./t_test_sex_methyl_prof_4.png, id=294, 574.145pt x 576.1525pt>
File: ./t_test_sex_methyl_prof_4.png Graphic file (type png)
<use ./t_test_sex_methyl_prof_4.png>
Package pdftex.def Info: ./t_test_sex_methyl_prof_4.png  used on input line 769
.
(pdftex.def)             Requested size: 213.394pt x 214.14012pt.
<./t_test_sex_methyl_prof_5.png, id=295, 574.145pt x 576.1525pt>
File: ./t_test_sex_methyl_prof_5.png Graphic file (type png)
<use ./t_test_sex_methyl_prof_5.png>
Package pdftex.def Info: ./t_test_sex_methyl_prof_5.png  used on input line 770
.
(pdftex.def)             Requested size: 213.394pt x 214.14012pt.

LaTeX Warning: Float too large for page by 27.93478pt on input line 775.


LaTeX Warning: `!h' float specifier changed to `!ht'.

[13]
<./chr7_Manhattan_plot.png, id=306, 701.62125pt x 410.53375pt>
File: ./chr7_Manhattan_plot.png Graphic file (type png)
<use ./chr7_Manhattan_plot.png>
Package pdftex.def Info: ./chr7_Manhattan_plot.png  used on input line 789.
(pdftex.def)             Requested size: 426.79997pt x 249.72989pt.

LaTeX Warning: `!h' float specifier changed to `!ht'.


LaTeX Warning: `!h' float specifier changed to `!ht'.

<./t_test_sex_volcano_plot_r.png, id=307, 1422.31375pt x 878.28125pt>
File: ./t_test_sex_volcano_plot_r.png Graphic file (type png)
<use ./t_test_sex_volcano_plot_r.png>
Package pdftex.def Info: ./t_test_sex_volcano_plot_r.png  used on input line 82
6.
(pdftex.def)             Requested size: 426.78424pt x 263.54001pt.

LaTeX Warning: `!h' float specifier changed to `!ht'.

[14pdfTeX warning (ext4): destination with the same identifier (name{figure.15}
) has been already used, duplicate ignored
<argument> ...shipout:D \box_use:N \l_shipout_box 
                                                  \__shipout_drop_firstpage_...
l.847   w
         ithout correction: 76369 <./t_test_sex_ps_hist.png>]
<./go_component_part.png, id=317, 1096.69725pt x 536.0025pt>
File: ./go_component_part.png Graphic file (type png)
<use ./go_component_part.png>
Package pdftex.def Info: ./go_component_part.png  used on input line 872.
(pdftex.def)             Requested size: 426.78983pt x 208.5903pt.

LaTeX Warning: `!h' float specifier changed to `!ht'.

<./go_process_part.png, id=318, 840.13875pt x 539.01375pt>
File: ./go_process_part.png Graphic file (type png)
<use ./go_process_part.png>
Package pdftex.def Info: ./go_process_part.png  used on input line 897.
(pdftex.def)             Requested size: 213.39287pt x 136.90796pt.
<./go_process_part_II.png, id=319, 684.156pt x 522.15076pt>
File: ./go_process_part_II.png Graphic file (type png)
<use ./go_process_part_II.png>
Package pdftex.def Info: ./go_process_part_II.png  used on input line 898.
(pdftex.def)             Requested size: 213.39108pt x 162.86098pt.

LaTeX Warning: `!h' float specifier changed to `!ht'.

<./go_function_part.png, id=320, 681.54625pt x 865.2325pt>
File: ./go_function_part.png Graphic file (type png)
<use ./go_function_part.png>
Package pdftex.def Info: ./go_function_part.png  used on input line 933.
(pdftex.def)             Requested size: 213.39865pt x 270.91258pt.
<./go_function_part_catalytic.png, id=321, 729.72626pt x 821.0675pt>
File: ./go_function_part_catalytic.png Graphic file (type png)
<use ./go_function_part_catalytic.png>
Package pdftex.def Info: ./go_function_part_catalytic.png  used on input line 9
34.
(pdftex.def)             Requested size: 213.39674pt x 240.10803pt.

LaTeX Warning: `!h' float specifier changed to `!ht'.

[15pdfTeX warning (ext4): destination with the same identifier (name{table.1}) 
has been already used, duplicate ignored
<argument> ...shipout:D \box_use:N \l_shipout_box 
                                                  \__shipout_drop_firstpage_...
l.952   D
         ata: methylation values of the position.]
Overfull \hbox (27.61179pt too wide) detected at line 958
\OML/lmm/m/it/10 H[] \OT1/lmr/m/n/10 : \OML/lmm/m/it/10 ^^V[] \OT1/lmr/m/n/10 =
 \OML/lmm/m/it/10 ^^V[];  where i  \OMS/lmsy/m/n/10 ^^@  \OML/lmm/m/it/10 index
 of position;  sda  \OMS/lmsy/m/n/10 ^^@  \OML/lmm/m/it/10 sexes;  ages and dia
gnoses;  sd \OMS/lmsy/m/n/10 ^^@ \OML/lmm/m/it/10 sexes and diagnoses:
 []

<./anova_age.png, id=331, 993.7125pt x 592.46344pt>
File: ./anova_age.png Graphic file (type png)
<use ./anova_age.png>
Package pdftex.def Info: ./anova_age.png  used on input line 972.
(pdftex.def)             Requested size: 426.78767pt x 254.45598pt.

LaTeX Warning: `!h' float specifier changed to `!ht'.

<./pos_1.png, id=332, 551.81157pt x 517.935pt>
File: ./pos_1.png Graphic file (type png)
<use ./pos_1.png>
Package pdftex.def Info: ./pos_1.png  used on input line 987.
(pdftex.def)             Requested size: 213.39536pt x 200.29468pt.
<./pos_2.png, id=333, 551.81157pt x 517.935pt>
File: ./pos_2.png Graphic file (type png)
<use ./pos_2.png>
Package pdftex.def Info: ./pos_2.png  used on input line 988.
(pdftex.def)             Requested size: 213.39536pt x 200.29468pt.
<./pos_3.png, id=334, 551.81157pt x 517.935pt>
File: ./pos_3.png Graphic file (type png)
<use ./pos_3.png>
Package pdftex.def Info: ./pos_3.png  used on input line 989.
(pdftex.def)             Requested size: 213.39536pt x 200.29468pt.
<./pos_4.png, id=335, 551.81157pt x 517.935pt>
File: ./pos_4.png Graphic file (type png)
<use ./pos_4.png>
Package pdftex.def Info: ./pos_4.png  used on input line 990.
(pdftex.def)             Requested size: 213.39536pt x 200.29468pt.
<./pos_5.png, id=336, 551.81157pt x 517.935pt>
File: ./pos_5.png Graphic file (type png)
<use ./pos_5.png>
Package pdftex.def Info: ./pos_5.png  used on input line 991.
(pdftex.def)             Requested size: 213.39536pt x 200.29468pt.

LaTeX Warning: `!h' float specifier changed to `!ht'.

<./manhatan.png, id=337, 551.81157pt x 372.64218pt>
File: ./manhatan.png Graphic file (type png)
<use ./manhatan.png>
Package pdftex.def Info: ./manhatan.png  used on input line 1012.
(pdftex.def)             Requested size: 426.80756pt x 288.22609pt.

LaTeX Warning: `!h' float specifier changed to `!ht'.

<./volcano_age_fixed.png, id=338, 903.375pt x 752.8125pt>
File: ./volcano_age_fixed.png Graphic file (type png)
<use ./volcano_age_fixed.png>
Package pdftex.def Info: ./volcano_age_fixed.png  used on input line 1046.
(pdftex.def)             Requested size: 426.79181pt x 355.65984pt.

LaTeX Warning: `!h' float specifier changed to `!ht'.

[16pdfTeX warning (ext4): destination with the same identifier (name{table.2}) 
has been already used, duplicate ignored
<argument> ...shipout:D \box_use:N \l_shipout_box 
                                                  \__shipout_drop_firstpage_...
l.1055 
       ]
<./PCA_sex_subset.png, id=347, 700.6175pt x 431.6125pt>
File: ./PCA_sex_subset.png Graphic file (type png)
<use ./PCA_sex_subset.png>
Package pdftex.def Info: ./PCA_sex_subset.png  used on input line 1086.
(pdftex.def)             Requested size: 426.79875pt x 262.9276pt.

LaTeX Warning: `!h' float specifier changed to `!ht'.

<./PCA_sex_all.png, id=348, 701.11937pt x 434.62375pt>
File: ./PCA_sex_all.png Graphic file (type png)
<use ./PCA_sex_all.png>
Package pdftex.def Info: ./PCA_sex_all.png  used on input line 1096.
(pdftex.def)             Requested size: 426.80493pt x 264.57628pt.

LaTeX Warning: `!h' float specifier changed to `!ht'.

<./PCA_age_subset.png, id=349, 702.625pt x 434.62375pt>
File: ./PCA_age_subset.png Graphic file (type png)
<use ./PCA_age_subset.png>
Package pdftex.def Info: ./PCA_age_subset.png  used on input line 1105.
(pdftex.def)             Requested size: 426.79945pt x 264.00595pt.

LaTeX Warning: `!h' float specifier changed to `!ht'.

<./PCA_age_all.png, id=350, 702.625pt x 434.62375pt>
File: ./PCA_age_all.png Graphic file (type png)
<use ./PCA_age_all.png>
Package pdftex.def Info: ./PCA_age_all.png  used on input line 1115.
(pdftex.def)             Requested size: 426.79945pt x 264.00595pt.

LaTeX Warning: `!h' float specifier changed to `!ht'.

[17] [18pdfTeX warning (ext4): destination with the same identifier (name{figur
e.16}) has been already used, duplicate ignored
<argument> ...shipout:D \box_use:N \l_shipout_box 
                                                  \__shipout_drop_firstpage_...
l.1184 \end{document}
                      <./t_test_sex_methyl_prof_1.png> <./t_test_sex_methyl_pro
f_2.png> <./t_test_sex_methyl_prof_3.png> <./t_test_sex_methyl_prof_4.png> <./t
_test_sex_methyl_prof_5.png>] [19pdfTeX warning (ext4): destination with the sa
me identifier (name{figure.17}) has been already used, duplicate ignored
<argument> ...shipout:D \box_use:N \l_shipout_box 
                                                  \__shipout_drop_firstpage_...
l.1184 \end{document}
                     pdfTeX warning (ext4): destination with the same identifie
r (name{figure.18}) has been already used, duplicate ignored
<argument> ...shipout:D \box_use:N \l_shipout_box 
                                                  \__shipout_drop_firstpage_...
l.1184 \end{document}
                      <./chr7_Manhattan_plot.png> <./t_test_sex_volcano_plot_r.
png>] [20pdfTeX warning (ext4): destination with the same identifier (name{figu
re.19}) has been already used, duplicate ignored
<argument> ...shipout:D \box_use:N \l_shipout_box 
                                                  \__shipout_drop_firstpage_...
l.1184 \end{document}
                     pdfTeX warning (ext4): destination with the same identifie
r (name{figure.20}) has been already used, duplicate ignored
<argument> ...shipout:D \box_use:N \l_shipout_box 
                                                  \__shipout_drop_firstpage_...
l.1184 \end{document}
                      <./go_component_part.png> <./go_process_part.png> <./go_p
rocess_part_II.png>] [21pdfTeX warning (ext4): destination with the same identi
fier (name{figure.21}) has been already used, duplicate ignored
<argument> ...shipout:D \box_use:N \l_shipout_box 
                                                  \__shipout_drop_firstpage_...
l.1184 \end{document}
                     pdfTeX warning (ext4): destination with the same identifie
r (name{figure.22}) has been already used, duplicate ignored
<argument> ...shipout:D \box_use:N \l_shipout_box 
                                                  \__shipout_drop_firstpage_...
l.1184 \end{document}
                      <./go_function_part.png> <./go_function_part_catalytic.pn
g> <./anova_age.png>] [22pdfTeX warning (ext4): destination with the same ident
ifier (name{figure.23}) has been already used, duplicate ignored
<argument> ...shipout:D \box_use:N \l_shipout_box 
                                                  \__shipout_drop_firstpage_...
l.1184 \end{document}
                      <./pos_1.png> <./pos_2.png> <./pos_3.png> <./pos_4.png> <
./pos_5.png>] [23pdfTeX warning (ext4): destination with the same identifier (n
ame{figure.24}) has been already used, duplicate ignored
<argument> ...shipout:D \box_use:N \l_shipout_box 
                                                  \__shipout_drop_firstpage_...
l.1184 \end{document}
                      <./manhatan.png>] [24pdfTeX warning (ext4): destination w
ith the same identifier (name{figure.25}) has been already used, duplicate igno
red
<argument> ...shipout:D \box_use:N \l_shipout_box 
                                                  \__shipout_drop_firstpage_...
l.1184 \end{document}
                      <./volcano_age_fixed.png>] [25pdfTeX warning (ext4): dest
ination with the same identifier (name{figure.26}) has been already used, dupli
cate ignored
<argument> ...shipout:D \box_use:N \l_shipout_box 
                                                  \__shipout_drop_firstpage_...
l.1184 \end{document}
                     pdfTeX warning (ext4): destination with the same identifie
r (name{figure.27}) has been already used, duplicate ignored
<argument> ...shipout:D \box_use:N \l_shipout_box 
                                                  \__shipout_drop_firstpage_...
l.1184 \end{document}
                      <./PCA_sex_subset.png> <./PCA_sex_all.png>] [26pdfTeX war
ning (ext4): destination with the same identifier (name{figure.28}) has been al
ready used, duplicate ignored
<argument> ...shipout:D \box_use:N \l_shipout_box 
                                                  \__shipout_drop_firstpage_...
l.1184 \end{document}
                     pdfTeX warning (ext4): destination with the same identifie
r (name{figure.29}) has been already used, duplicate ignored
<argument> ...shipout:D \box_use:N \l_shipout_box 
                                                  \__shipout_drop_firstpage_...
l.1184 \end{document}
                      <./PCA_age_subset.png> <./PCA_age_all.png>] (./Lab_4.aux)
Package rerunfilecheck Info: File `Lab_4.out' has not changed.
(rerunfilecheck)             Checksum: E04DBC2F0C7BFA12160BF3D470B3F20C;6519.
 ) 
Here is how much of TeX's memory you used:
 10697 strings out of 480539
 157630 string characters out of 5902059
 466145 words of memory out of 5000000
 27981 multiletter control sequences out of 15000+600000
 454079 words of font info for 69 fonts, out of 8000000 for 9000
 14 hyphenation exceptions out of 8191
 60i,8n,66p,430b,383s stack positions out of 5000i,500n,10000p,200000b,80000s
{/Users/ieva/Library/TinyTeX/texmf-dist/fonts/enc/dvips/lm/lm-ts1.enc}{/Users
/ieva/Library/TinyTeX/texmf-dist/fonts/enc/dvips/lm/lm-ec.enc}{/Users/ieva/Libr
ary/TinyTeX/texmf-dist/fonts/enc/dvips/lm/lm-mathit.enc}{/Users/ieva/Library/Ti
nyTeX/texmf-dist/fonts/enc/dvips/lm/lm-rm.enc}{/Users/ieva/Library/TinyTeX/texm
f-dist/fonts/enc/dvips/lm/lm-mathsy.enc}</Users/ieva/Library/TinyTeX/texmf-dist
/fonts/type1/public/lm/lmbx10.pfb></Users/ieva/Library/TinyTeX/texmf-dist/fonts
/type1/public/lm/lmbx12.pfb></Users/ieva/Library/TinyTeX/texmf-dist/fonts/type1
/public/lm/lmmi10.pfb></Users/ieva/Library/TinyTeX/texmf-dist/fonts/type1/publi
c/lm/lmmi7.pfb></Users/ieva/Library/TinyTeX/texmf-dist/fonts/type1/public/lm/lm
r10.pfb></Users/ieva/Library/TinyTeX/texmf-dist/fonts/type1/public/lm/lmr12.pfb
></Users/ieva/Library/TinyTeX/texmf-dist/fonts/type1/public/lm/lmr17.pfb></User
s/ieva/Library/TinyTeX/texmf-dist/fonts/type1/public/lm/lmr7.pfb></Users/ieva/L
ibrary/TinyTeX/texmf-dist/fonts/type1/public/lm/lmri10.pfb></Users/ieva/Library
/TinyTeX/texmf-dist/fonts/type1/public/lm/lmsy10.pfb></Users/ieva/Library/TinyT
eX/texmf-dist/fonts/type1/public/lm/lmtt10.pfb>
Output written on Lab_4.pdf (26 pages, 7195735 bytes).
PDF statistics:
 540 PDF objects out of 1000 (max. 8388607)
 389 compressed objects within 4 object streams
 141 named destinations out of 1000 (max. 500000)
 524 words of extra memory for PDF output out of 10000 (max. 10000000)

